<?xml version="1.0" encoding="UTF-8"?>
<!-- Generated by org.testng.reporters.JUnitReportReporter -->
<testsuite skipped="0" hostname="Senzy-PC" name="com.restassured.practise.PostMethodJSONFile" tests="1" failures="0" timestamp="08 Jun 2019 19:51:18 GMT" time="3.307" errors="0">
  <testcase name="postUsingJavaClassObjects" time="3.307" classname="com.restassured.practise.PostMethodJSONFile"/>
</testsuite> <!-- com.restassured.practise.PostMethodJSONFile -->
