<?xml version="1.0" encoding="UTF-8"?>
<!-- Generated by org.testng.reporters.JUnitReportReporter -->
<testsuite skipped="0" hostname="Senzy-PC" name="com.restassured.practise.PostAndReceiveResponse" tests="1" failures="0" timestamp="16 Jul 2019 13:06:51 GMT" time="8.393" errors="0">
  <testcase name="postAndReceiveResponse" time="8.393" classname="com.restassured.practise.PostAndReceiveResponse"/>
</testsuite> <!-- com.restassured.practise.PostAndReceiveResponse -->
