<?xml version="1.0" encoding="UTF-8"?>
<!-- Generated by org.testng.reporters.JUnitReportReporter -->
<testsuite skipped="0" hostname="Senzy-PC" name="com.restassured.practise.BasicFeature" tests="1" failures="0" timestamp="08 Jun 2019 13:30:59 GMT" time="4.617" errors="0">
  <testcase name="testStatusCode" time="4.617" classname="com.restassured.practise.BasicFeature"/>
</testsuite> <!-- com.restassured.practise.BasicFeature -->
