<?xml version="1.0" encoding="UTF-8"?>
<!-- Generated by org.testng.reporters.JUnitReportReporter -->
<testsuite skipped="0" hostname="Senzy-PC" name="com.restassured.practise.PostMethodJavaClass" tests="1" failures="0" timestamp="08 Jun 2019 19:39:07 GMT" time="3.523" errors="0">
  <testcase name="postUsingJavaClassObjects" time="3.523" classname="com.restassured.practise.PostMethodJavaClass"/>
</testsuite> <!-- com.restassured.practise.PostMethodJavaClass -->
